#
# A fatal error has been detected by the Java Runtime Environment:
#
#  Internal Error (classFileParser.cpp:3494), pid=8984, tid=8916
#  Error: ShouldNotReachHere()
#
# JRE version: 6.0_38-b05
# Java VM: Java HotSpot(TM) Client VM (20.13-b02 mixed mode windows-x86 )
# If you would like to submit a bug report, please visit:
#   http://java.sun.com/webapps/bugreport/crash.jsp
#

---------------  T H R E A D  ---------------

Current thread (0x003d9800):  JavaThread "Unknown thread" [_thread_in_vm, id=8916, stack(0x00310000,0x00360000)]

Stack: [0x00310000,0x00360000],  sp=0x0035f86c,  free space=318k
Native frames: (J=compiled Java code, j=interpreted, Vv=VM code, C=native code)
V  [jvm.dll+0x1348ea]
V  [jvm.dll+0x12f3db]
V  [jvm.dll+0x1676e]
V  [jvm.dll+0x17faf]
V  [jvm.dll+0x27565]
V  [jvm.dll+0x27da6]
V  [jvm.dll+0x28155]
V  [jvm.dll+0x281e9]
V  [jvm.dll+0x282ac]
V  [jvm.dll+0x2832a]
V  [jvm.dll+0x2840d]
V  [jvm.dll+0x286d9]
V  [jvm.dll+0x6cdb3]
V  [jvm.dll+0x6d18c]
V  [jvm.dll+0xfa77c]
V  [jvm.dll+0x1190cb]
V  [jvm.dll+0x9f4c0]
C  [javaw.exe+0x1657]
C  [javaw.exe+0x1e2c]
C  [javaw.exe+0x8614]
C  [kernel32.dll+0x4ed6c]  BaseThreadInitThunk+0x12
C  [ntdll.dll+0x6377b]  RtlInitializeExceptionChain+0xef
C  [ntdll.dll+0x6374e]  RtlInitializeExceptionChain+0xc2


---------------  P R O C E S S  ---------------

Java Threads: ( => current thread )

Other Threads:

=>0x003d9800 (exited) JavaThread "Unknown thread" [_thread_in_vm, id=8916, stack(0x00310000,0x00360000)]

VM state:not at safepoint (not fully initialized)

VM Mutex/Monitor currently owned by a thread: None

Dynamic libraries:
0x00400000 - 0x00425000 	C:\Program Files\Java\jre6\bin\javaw.exe
0x76ef0000 - 0x7702c000 	C:\Windows\SYSTEM32\ntdll.dll
0x75380000 - 0x75454000 	C:\Windows\system32\kernel32.dll
0x75100000 - 0x7514b000 	C:\Windows\system32\KERNELBASE.dll
0x76550000 - 0x765f0000 	C:\Windows\system32\ADVAPI32.dll
0x76af0000 - 0x76b9c000 	C:\Windows\system32\msvcrt.dll
0x756a0000 - 0x756b9000 	C:\Windows\SYSTEM32\sechost.dll
0x75720000 - 0x757c1000 	C:\Windows\system32\RPCRT4.dll
0x76890000 - 0x76959000 	C:\Windows\system32\USER32.dll
0x77040000 - 0x7708e000 	C:\Windows\system32\GDI32.dll
0x75880000 - 0x7588a000 	C:\Windows\system32\LPK.dll
0x757d0000 - 0x7586d000 	C:\Windows\system32\USP10.dll
0x75890000 - 0x758af000 	C:\Windows\system32\IMM32.DLL
0x76ba0000 - 0x76c6c000 	C:\Windows\system32\MSCTF.dll
0x7c340000 - 0x7c396000 	C:\Program Files\Java\jre6\bin\msvcr71.dll
0x6d7f0000 - 0x6daa0000 	C:\Program Files\Java\jre6\bin\client\jvm.dll
0x72b20000 - 0x72b52000 	C:\Windows\system32\WINMM.dll
0x74fb0000 - 0x74ffc000 	C:\Windows\system32\apphelp.dll
0x6d7a0000 - 0x6d7ac000 	C:\Program Files\Java\jre6\bin\verify.dll
0x6d320000 - 0x6d33f000 	C:\Program Files\Java\jre6\bin\java.dll
0x6d7e0000 - 0x6d7ef000 	C:\Program Files\Java\jre6\bin\zip.dll
0x75870000 - 0x75875000 	C:\Windows\system32\PSAPI.DLL

VM Arguments:
jvm_args: -Dfile.encoding=Cp1252 -Xbootclasspath:C:\Users\Mike\Documents\adt-bundle-windows-x86\adt-bundle-windows-x86\sdk\platforms\android-17\android.jar 
java_command: com.example.myfirstapp.GenTester
Launcher Type: SUN_STANDARD

Environment Variables:
PATH=C:/Program Files/Java/jre7/bin/client;C:/Program Files/Java/jre7/bin;C:/Program Files/Java/jre7/lib/i386;C:\Windows\system32;C:\Windows;C:\Windows\System32\Wbem;C:\Windows\System32\WindowsPowerShell\v1.0\;C:\Program Files\ThinkPad\Bluetooth Software\;C:\Program Files\Intel\WiFi\bin\;C:\Program Files\Common Files\Intel\WirelessCommon\;C:\Program Files\Common Files\Lenovo;C:\Program Files\Common Files\Ulead Systems\MPEG;C:\Program Files\Lenovo\Access Connections\;C:\Program Files\Lenovo\Client Security Solution;C:\Program Files\PharosSystems\Core;C:\Users\Mike\Documents\adt-bundle-windows-x86\adt-bundle-windows-x86\eclipse;
USERNAME=Mike
OS=Windows_NT
PROCESSOR_IDENTIFIER=x86 Family 6 Model 37 Stepping 2, GenuineIntel



---------------  S Y S T E M  ---------------

OS: Windows 7 Build 7601 Service Pack 1

CPU:total 4 (2 cores per cpu, 2 threads per core) family 6 model 37 stepping 2, cmov, cx8, fxsr, mmx, sse, sse2, sse3, ssse3, sse4.1, sse4.2, popcnt, ht

Memory: 4k page, physical 1953456k(1005356k free), swap 4558528k(2942940k free)

vm_info: Java HotSpot(TM) Client VM (20.13-b02) for windows-x86 JRE (1.6.0_38-b05), built on Nov 14 2012 01:54:26 by "java_re" with MS VC++ 7.1 (VS2003)

time: Sat Mar 16 12:41:21 2013
elapsed time: 0 seconds

